<?xml version="1.0" encoding="UTF-8"?>
<!-- Generated by org.testng.reporters.JUnitReportReporter -->
<testsuite hostname="manikanta" failures="0" tests="2" name="com.crm.qa.testcases.LoginPageTest" time="28.802" errors="0" timestamp="26 Aug 2019 05:20:12 GMT" skipped="0">
  <testcase classname="com.crm.qa.testcases.LoginPageTest" name="loginTitleTest" time="10.883"/>
  <testcase classname="com.crm.qa.testcases.LoginPageTest" name="LoginTest" time="17.919"/>
</testsuite> <!-- com.crm.qa.testcases.LoginPageTest -->
