<?xml version="1.0" encoding="UTF-8"?>
<!-- Generated by org.testng.reporters.JUnitReportReporter -->
<testsuite hostname="manikanta" failures="0" tests="2" name="com.crm.qa.testdata.LoginPageTest" time="23.145" errors="0" timestamp="21 Aug 2019 04:51:01 GMT" skipped="0">
  <testcase classname="com.crm.qa.testdata.LoginPageTest" name="loginTitleTest" time="12.647"/>
  <testcase classname="com.crm.qa.testdata.LoginPageTest" name="LoginTest" time="10.498"/>
</testsuite> <!-- com.crm.qa.testdata.LoginPageTest -->
